app/build/outputs/logs/manifest-merger-debug-report.txt
-- Merging decision tree log ---
manifest
ADDED from src/main/AndroidManifest.xml:2:1-104:12
INJECTED from src/main/AndroidManifest.xml:2:1-104:12
INJECTED from src/main/AndroidManifest.xml:2:1-104:12
INJECTED from src/main/AndroidManifest.xml:2:1-104:12
MERGED from [io.realm:realm-android-library:5.7.1] AndroidManifest.xml:2:1-10:12
MERGED from [io.realm:realm-android-kotlin-extensions:5.7.1] AndroidManifest.xml:2:1-10:12
MERGED from [com.jcodecraeer:xrecyclerview:1.5.9] AndroidManifest.xml:2:1-13:12
MERGED from [com.android.support:design:28.0.0] AndroidManifest.xml:17:1-24:12
MERGED from [com.facebook.android:facebook-android-sdk:4.38.1] AndroidManifest.xml:21:1-31:12
MERGED from [com.facebook.android:facebook-login:4.38.1] AndroidManifest.xml:21:1-31:12
MERGED from [com.facebook.android:facebook-share:4.38.1] AndroidManifest.xml:21:1-31:12
MERGED from [com.facebook.android:facebook-common:4.38.1] AndroidManifest.xml:21:1-37:12
MERGED from [com.android.support:appcompat-v7:28.0.0] AndroidManifest.xml:17:1-22:12
MERGED from [com.android.support.constraint:constraint-layout:1.1.3] AndroidManifest.xml:2:1-11:12
MERGED from [com.twitter.sdk.android:twitter:3.1.1] AndroidManifest.xml:18:1-27:12
MERGED from [com.twitter.sdk.android:tweet-ui:3.1.1] AndroidManifest.xml:18:1-37:12
MERGED from [com.google.firebase:firebase-config:16.1.2] AndroidManifest.xml:17:1-24:12
MERGED from [com.google.firebase:firebase-messaging:17.3.4] AndroidManifest.xml:17:1-37:12
MERGED from [com.google.android.gms:play-services-auth:16.0.1] AndroidManifest.xml:17:1-39:12
MERGED from [com.google.firebase:firebase-auth:16.1.0] AndroidManifest.xml:17:1-42:12
MERGED from [com.google.firebase:firebase-core:16.0.6] AndroidManifest.xml:2:1-9:12
MERGED from [com.google.firebase:firebase-measurement-connector-impl:17.0.4] AndroidManifest.xml:17:1-34:12
MERGED from [com.google.firebase:firebase-analytics:16.0.6] AndroidManifest.xml:17:1-55:12
MERGED from [com.google.android.gms:play-services-phenotype:16.0.0] AndroidManifest.xml:17:1-24:12
MERGED from [com.google.android.gms:play-services-auth-api-phone:16.0.0] AndroidManifest.xml:2:1-7:12
MERGED from [com.google.android.gms:play-services-auth-base:16.0.0] AndroidManifest.xml:2:1-7:12
MERGED from [com.google.android.gms:play-services-flags:16.0.1] AndroidManifest.xml:17:1-22:12
MERGED from [com.google.firebase:firebase-auth-interop:16.0.1] AndroidManifest.xml:2:1-10:12
MERGED from [com.google.android.gms:play-services-measurement-api:16.0.4] AndroidManifest.xml:17:1-25:12
MERGED from [com.google.firebase:firebase-abt:16.0.1] AndroidManifest.xml:2:1-7:12
MERGED from [com.google.firebase:firebase-analytics-impl:16.2.4] AndroidManifest.xml:17:1-40:12
MERGED from [com.google.firebase:firebase-iid:17.0.4] AndroidManifest.xml:17:1-59:12
MERGED from [com.google.firebase:firebase-iid-interop:16.0.1] AndroidManifest.xml:2:1-10:12
MERGED from [com.google.android.gms:play-services-base:16.0.1] AndroidManifest.xml:17:1-29:12
MERGED from [com.google.firebase:firebase-common:16.0.3] AndroidManifest.xml:2:1-17:12
MERGED from [com.google.android.gms:play-services-tasks:16.0.1] AndroidManifest.xml:2:1-9:12
MERGED from [com.google.firebase:firebase-measurement-connector:17.0.1] AndroidManifest.xml:17:1-25:12
MERGED from [com.google.android.gms:play-services-measurement-base:16.0.5] AndroidManifest.xml:2:1-9:12
MERGED from [com.google.android.gms:play-services-stats:16.0.1] AndroidManifest.xml:2:1-9:12
MERGED from [com.google.android.gms:play-services-ads-identifier:16.0.0] AndroidManifest.xml:17:1-24:12
MERGED from [com.google.android.gms:play-services-basement:16.1.0] AndroidManifest.xml:17:1-28:12
MERGED from [com.android.support:support-v4:28.0.0] AndroidManifest.xml:17:1-22:12
MERGED from [com.android.support:recyclerview-v7:28.0.0] AndroidManifest.xml:17:1-22:12
MERGED from [com.android.support:cardview-v7:28.0.0] AndroidManifest.xml:17:1-22:12
MERGED from [com.twitter.sdk.android:tweet-composer:3.1.1] AndroidManifest.xml:18:1-39:12
MERGED from [com.twitter.sdk.android:twitter-core:3.1.1] AndroidManifest.xml:18:1-35:12
MERGED from [io.reactivex.rxjava2:rxandroid:2.1.0] AndroidManifest.xml:15:1-20:12
MERGED from [android.arch.lifecycle:extensions:1.1.1] AndroidManifest.xml:17:1-30:12
MERGED from [com.android.support:support-fragment:28.0.0] AndroidManifest.xml:17:1-22:12
MERGED from [com.android.support:animated-vector-drawable:28.0.0] AndroidManifest.xml:17:1-22:12
MERGED from [com.android.support:customtabs:28.0.0] AndroidManifest.xml:17:1-22:12
MERGED from [com.android.support:support-core-ui:28.0.0] AndroidManifest.xml:17:1-22:12
MERGED from [com.facebook.android:facebook-places:4.38.1] AndroidManifest.xml:21:1-31:12
MERGED from [com.facebook.android:facebook-applinks:4.38.1] AndroidManifest.xml:21:1-31:12
MERGED from [com.facebook.android:facebook-messenger:4.38.1] AndroidManifest.xml:21:1-31:12
MERGED from [com.facebook.android:facebook-marketing:4.38.1] AndroidManifest.xml:21:1-35:12
MERGED from [com.facebook.android:facebook-core:4.38.1] AndroidManifest.xml:21:1-53:12
MERGED from [com.android.support:support-core-utils:28.0.0] AndroidManifest.xml:17:1-22:12
MERGED from [com.android.support:support-vector-drawable:28.0.0] AndroidManifest.xml:17:1-22:12
MERGED from [com.android.support:support-media-compat:28.0.0] AndroidManifest.xml:17:1-22:12
MERGED from [com.android.support:transition:28.0.0] AndroidManifest.xml:17:1-22:12
MERGED from [com.android.support:loader:28.0.0] AndroidManifest.xml:17:1-22:12
MERGED from [com.android.support:viewpager:28.0.0] AndroidManifest.xml:17:1-22:12
MERGED from [com.android.support:coordinatorlayout:28.0.0] AndroidManifest.xml:17:1-22:12
MERGED from [com.android.support:drawerlayout:28.0.0] AndroidManifest.xml:17:1-22:12
MERGED from [com.android.support:slidingpanelayout:28.0.0] AndroidManifest.xml:17:1-22:12
MERGED from [com.android.support:customview:28.0.0] AndroidManifest.xml:17:1-22:12
MERGED from [com.android.support:swiperefreshlayout:28.0.0] AndroidManifest.xml:17:1-22:12
MERGED from [com.android.support:asynclayoutinflater:28.0.0] AndroidManifest.xml:17:1-22:12
MERGED from [com.android.support:support-compat:28.0.0] AndroidManifest.xml:17:1-24:12
MERGED from [android.arch.lifecycle:runtime:1.1.1] AndroidManifest.xml:17:1-22:12
MERGED from [com.intuit.sdp:sdp-android:1.0.4] AndroidManifest.xml:2:1-11:12
MERGED from [com.android.support:multidex:1.0.3] AndroidManifest.xml:17:1-22:12
MERGED from [com.facebook.fresco:fresco:1.11.0] AndroidManifest.xml:2:1-9:12
MERGED from [com.facebook.shimmer:shimmer:0.3.0] AndroidManifest.xml:2:1-7:12
MERGED from [com.google.android.play:core:1.3.4] AndroidManifest.xml:2:1-6:12
MERGED from [com.getkeepsafe.relinker:relinker:1.3.0] AndroidManifest.xml:2:1-7:12
MERGED from [com.android.support:versionedparcelable:28.0.0] AndroidManifest.xml:17:1-25:12
MERGED from [com.android.support:cursoradapter:28.0.0] AndroidManifest.xml:17:1-22:12
MERGED from [android.arch.lifecycle:livedata:1.1.1] AndroidManifest.xml:17:1-22:12
MERGED from [android.arch.lifecycle:livedata-core:1.1.1] AndroidManifest.xml:17:1-22:12
MERGED from [android.arch.core:runtime:1.1.1] AndroidManifest.xml:17:1-22:12
MERGED from [android.arch.lifecycle:viewmodel:1.1.1] AndroidManifest.xml:17:1-22:12
MERGED from [com.android.support:documentfile:28.0.0] AndroidManifest.xml:17:1-22:12
MERGED from [com.android.support:localbroadcastmanager:28.0.0] AndroidManifest.xml:17:1-22:12
MERGED from [com.android.support:print:28.0.0] AndroidManifest.xml:17:1-22:12
MERGED from [com.android.support:interpolator:28.0.0] AndroidManifest.xml:17:1-22:12
MERGED from [com.facebook.fresco:drawee:1.11.0] AndroidManifest.xml:2:1-9:12
MERGED from [com.facebook.fresco:nativeimagefilters:1.11.0] AndroidManifest.xml:2:1-9:12
MERGED from [com.facebook.fresco:imagepipeline:1.11.0] AndroidManifest.xml:2:1-9:12
MERGED from [com.facebook.fresco:imagepipeline-base:1.11.0] AndroidManifest.xml:2:1-9:12
MERGED from [com.facebook.fresco:fbcore:1.11.0] AndroidManifest.xml:2:1-9:12
MERGED from [com.facebook.soloader:soloader:0.5.1] AndroidManifest.xml:2:1-13:12
MERGED from [:member] AndroidManifest.xml:2:1-52:12
MERGED from [:fragmentsample] AndroidManifest.xml:2:1-53:12
INJECTED from src/main/AndroidManifest.xml:2:1-104:12
INJECTED from src/main/AndroidManifest.xml:2:1-104:12
INJECTED from src/main/AndroidManifest.xml:2:1-104:12
	package
		ADDED from src/main/AndroidManifest.xml:6:5-42
		INJECTED from src/main/AndroidManifest.xml
		INJECTED from src/main/AndroidManifest.xml
	android:versionName
		INJECTED from src/main/AndroidManifest.xml
		ADDED from src/main/AndroidManifest.xml:2:1-104:12
		INJECTED from src/main/AndroidManifest.xml
	xmlns:tools
		ADDED from src/main/AndroidManifest.xml:3:5-51
	xmlns:dist
		ADDED from src/main/AndroidManifest.xml:4:5-61
	android:versionCode
		INJECTED from src/main/AndroidManifest.xml
		ADDED from src/main/AndroidManifest.xml:2:1-104:12
		INJECTED from src/main/AndroidManifest.xml
	xmlns:android
		ADDED from src/main/AndroidManifest.xml:2:11-69
	android:targetSandboxVersion
		ADDED from src/main/AndroidManifest.xml:5:5-37
uses-permission#android.permission.INTERNET
ADDED from src/main/AndroidManifest.xml:8:5-67
MERGED from [com.twitter.sdk.android:tweet-ui:3.1.1] AndroidManifest.xml:25:5-67
MERGED from [com.twitter.sdk.android:tweet-ui:3.1.1] AndroidManifest.xml:25:5-67
MERGED from [com.google.firebase:firebase-measurement-connector-impl:17.0.4] AndroidManifest.xml:22:5-67
MERGED from [com.google.firebase:firebase-measurement-connector-impl:17.0.4] AndroidManifest.xml:22:5-67
MERGED from [com.google.firebase:firebase-analytics:16.0.6] AndroidManifest.xml:23:5-67
MERGED from [com.google.firebase:firebase-analytics:16.0.6] AndroidManifest.xml:23:5-67
MERGED from [com.google.firebase:firebase-analytics-impl:16.2.4] AndroidManifest.xml:23:5-67
MERGED from [com.google.firebase:firebase-analytics-impl:16.2.4] AndroidManifest.xml:23:5-67
MERGED from [com.google.firebase:firebase-iid:17.0.4] AndroidManifest.xml:23:5-67
MERGED from [com.google.firebase:firebase-iid:17.0.4] AndroidManifest.xml:23:5-67
MERGED from [com.twitter.sdk.android:tweet-composer:3.1.1] AndroidManifest.xml:25:5-67
MERGED from [com.twitter.sdk.android:tweet-composer:3.1.1] AndroidManifest.xml:25:5-67
MERGED from [com.twitter.sdk.android:twitter-core:3.1.1] AndroidManifest.xml:25:5-67
MERGED from [com.twitter.sdk.android:twitter-core:3.1.1] AndroidManifest.xml:25:5-67
	android:name
		ADDED from src/main/AndroidManifest.xml:8:22-64
uses-permission#android.permission.READ_EXTERNAL_STORAGE
ADDED from src/main/AndroidManifest.xml:9:5-80
	android:name
		ADDED from src/main/AndroidManifest.xml:9:22-77
uses-permission#android.permission.WRITE_EXTERNAL_STORAGE
ADDED from src/main/AndroidManifest.xml:10:5-81
	android:name
		ADDED from src/main/AndroidManifest.xml:10:22-78
uses-permission#android.permission.ACCESS_FINE_LOCATION
ADDED from src/main/AndroidManifest.xml:11:5-79
	android:name
		ADDED from src/main/AndroidManifest.xml:11:22-76
uses-permission#android.permission.ACCESS_COARSE_LOCATION
ADDED from src/main/AndroidManifest.xml:12:5-81
	android:name
		ADDED from src/main/AndroidManifest.xml:12:22-78
uses-permission#android.permission.READ_PHONE_STATE
ADDED from src/main/AndroidManifest.xml:13:5-75
	android:name
		ADDED from src/main/AndroidManifest.xml:13:22-72
dist:module
ADDED from src/main/AndroidManifest.xml:15:5-40
	dist:instant
		ADDED from src/main/AndroidManifest.xml:15:18-37
application
ADDED from src/main/AndroidManifest.xml:17:5-102:19
MERGED from [com.jcodecraeer:xrecyclerview:1.5.9] AndroidManifest.xml:11:5-20
MERGED from [com.jcodecraeer:xrecyclerview:1.5.9] AndroidManifest.xml:11:5-20
MERGED from [com.android.support:design:28.0.0] AndroidManifest.xml:22:5-20
MERGED from [com.android.support:design:28.0.0] AndroidManifest.xml:22:5-20
MERGED from [com.facebook.android:facebook-android-sdk:4.38.1] AndroidManifest.xml:28:5-29:19
MERGED from [com.facebook.android:facebook-android-sdk:4.38.1] AndroidManifest.xml:28:5-29:19
MERGED from [com.facebook.android:facebook-login:4.38.1] AndroidManifest.xml:28:5-29:19
MERGED from [com.facebook.android:facebook-login:4.38.1] AndroidManifest.xml:28:5-29:19
MERGED from [com.facebook.android:facebook-share:4.38.1] AndroidManifest.xml:28:5-29:19
MERGED from [com.facebook.android:facebook-share:4.38.1] AndroidManifest.xml:28:5-29:19
MERGED from [com.facebook.android:facebook-common:4.38.1] AndroidManifest.xml:28:5-35:19
MERGED from [com.facebook.android:facebook-common:4.38.1] AndroidManifest.xml:28:5-35:19
MERGED from [com.android.support.constraint:constraint-layout:1.1.3] AndroidManifest.xml:9:5-20
MERGED from [com.android.support.constraint:constraint-layout:1.1.3] AndroidManifest.xml:9:5-20
MERGED from [com.twitter.sdk.android:twitter:3.1.1] AndroidManifest.xml:25:5-20
MERGED from [com.twitter.sdk.android:twitter:3.1.1] AndroidManifest.xml:25:5-20
MERGED from [com.twitter.sdk.android:tweet-ui:3.1.1] AndroidManifest.xml:27:5-35:19
MERGED from [com.twitter.sdk.android:tweet-ui:3.1.1] AndroidManifest.xml:27:5-35:19
MERGED from [com.google.firebase:firebase-config:16.1.2] AndroidManifest.xml:22:5-20
MERGED from [com.google.firebase:firebase-config:16.1.2] AndroidManifest.xml:22:5-20
MERGED from [com.google.firebase:firebase-messaging:17.3.4] AndroidManifest.xml:22:5-35:19
MERGED from [com.google.firebase:firebase-messaging:17.3.4] AndroidManifest.xml:22:5-35:19
MERGED from [com.google.android.gms:play-services-auth:16.0.1] AndroidManifest.xml:22:5-37:19
MERGED from [com.google.android.gms:play-services-auth:16.0.1] AndroidManifest.xml:22:5-37:19
MERGED from [com.google.firebase:firebase-auth:16.1.0] AndroidManifest.xml:23:5-40:19
MERGED from [com.google.firebase:firebase-auth:16.1.0] AndroidManifest.xml:23:5-40:19
MERGED from [com.google.firebase:firebase-core:16.0.6] AndroidManifest.xml:7:5-20
MERGED from [com.google.firebase:firebase-core:16.0.6] AndroidManifest.xml:7:5-20
MERGED from [com.google.firebase:firebase-measurement-connector-impl:17.0.4] AndroidManifest.xml:26:5-32:19
MERGED from [com.google.firebase:firebase-measurement-connector-impl:17.0.4] AndroidManifest.xml:26:5-32:19
MERGED from [com.google.firebase:firebase-analytics:16.0.6] AndroidManifest.xml:28:5-53:19
MERGED from [com.google.firebase:firebase-analytics:16.0.6] AndroidManifest.xml:28:5-53:19
MERGED from [com.google.android.gms:play-services-phenotype:16.0.0] AndroidManifest.xml:22:5-20
MERGED from [com.google.android.gms:play-services-phenotype:16.0.0] AndroidManifest.xml:22:5-20
MERGED from [com.google.firebase:firebase-auth-interop:16.0.1] AndroidManifest.xml:7:5-8:19
MERGED from [com.google.firebase:firebase-auth-interop:16.0.1] AndroidManifest.xml:7:5-8:19
MERGED from [com.google.android.gms:play-services-measurement-api:16.0.4] AndroidManifest.xml:22:5-23:19
MERGED from [com.google.android.gms:play-services-measurement-api:16.0.4] AndroidManifest.xml:22:5-23:19
MERGED from [com.google.firebase:firebase-analytics-impl:16.2.4] AndroidManifest.xml:28:5-38:19
MERGED from [com.google.firebase:firebase-analytics-impl:16.2.4] AndroidManifest.xml:28:5-38:19
MERGED from [com.google.firebase:firebase-iid:17.0.4] AndroidManifest.xml:28:5-57:19
MERGED from [com.google.firebase:firebase-iid:17.0.4] AndroidManifest.xml:28:5-57:19
MERGED from [com.google.firebase:firebase-iid-interop:16.0.1] AndroidManifest.xml:7:5-8:19
MERGED from [com.google.firebase:firebase-iid-interop:16.0.1] AndroidManifest.xml:7:5-8:19
MERGED from [com.google.android.gms:play-services-base:16.0.1] AndroidManifest.xml:22:5-27:19
MERGED from [com.google.android.gms:play-services-base:16.0.1] AndroidManifest.xml:22:5-27:19
MERGED from [com.google.firebase:firebase-common:16.0.3] AndroidManifest.xml:9:5-15:19
MERGED from [com.google.firebase:firebase-common:16.0.3] AndroidManifest.xml:9:5-15:19
MERGED from [com.google.android.gms:play-services-tasks:16.0.1] AndroidManifest.xml:7:5-20
MERGED from [com.google.android.gms:play-services-tasks:16.0.1] AndroidManifest.xml:7:5-20
MERGED from [com.google.firebase:firebase-measurement-connector:17.0.1] AndroidManifest.xml:22:5-23:19
MERGED from [com.google.firebase:firebase-measurement-connector:17.0.1] AndroidManifest.xml:22:5-23:19
MERGED from [com.google.android.gms:play-services-measurement-base:16.0.5] AndroidManifest.xml:7:5-20
MERGED from [com.google.android.gms:play-services-measurement-base:16.0.5] AndroidManifest.xml:7:5-20
MERGED from [com.google.android.gms:play-services-stats:16.0.1] AndroidManifest.xml:7:5-20
MERGED from [com.google.android.gms:play-services-stats:16.0.1] AndroidManifest.xml:7:5-20
MERGED from [com.google.android.gms:play-services-ads-identifier:16.0.0] AndroidManifest.xml:22:5-20
MERGED from [com.google.android.gms:play-services-ads-identifier:16.0.0] AndroidManifest.xml:22:5-20
MERGED from [com.google.android.gms:play-services-basement:16.1.0] AndroidManifest.xml:22:5-26:19
MERGED from [com.google.android.gms:play-services-basement:16.1.0] AndroidManifest.xml:22:5-26:19
MERGED from [com.twitter.sdk.android:tweet-composer:3.1.1] AndroidManifest.xml:27:5-37:19
MERGED from [com.twitter.sdk.android:tweet-composer:3.1.1] AndroidManifest.xml:27:5-37:19
MERGED from [com.twitter.sdk.android:twitter-core:3.1.1] AndroidManifest.xml:27:5-33:19
MERGED from [com.twitter.sdk.android:twitter-core:3.1.1] AndroidManifest.xml:27:5-33:19
MERGED from [android.arch.lifecycle:extensions:1.1.1] AndroidManifest.xml:22:5-28:19
MERGED from [android.arch.lifecycle:extensions:1.1.1] AndroidManifest.xml:22:5-28:19
MERGED from [com.facebook.android:facebook-places:4.38.1] AndroidManifest.xml:28:5-29:19
MERGED from [com.facebook.android:facebook-places:4.38.1] AndroidManifest.xml:28:5-29:19
MERGED from [com.facebook.android:facebook-applinks:4.38.1] AndroidManifest.xml:28:5-29:19
MERGED from [com.facebook.android:facebook-applinks:4.38.1] AndroidManifest.xml:28:5-29:19
MERGED from [com.facebook.android:facebook-messenger:4.38.1] AndroidManifest.xml:28:5-29:19
MERGED from [com.facebook.android:facebook-messenger:4.38.1] AndroidManifest.xml:28:5-29:19
MERGED from [com.facebook.android:facebook-marketing:4.38.1] AndroidManifest.xml:28:5-33:19
MERGED from [com.facebook.android:facebook-marketing:4.38.1] AndroidManifest.xml:28:5-33:19
MERGED from [com.facebook.android:facebook-core:4.38.1] AndroidManifest.xml:28:5-51:19
MERGED from [com.facebook.android:facebook-core:4.38.1] AndroidManifest.xml:28:5-51:19
MERGED from [com.android.support:support-compat:28.0.0] AndroidManifest.xml:22:5-94
MERGED from [com.android.support:support-compat:28.0.0] AndroidManifest.xml:22:5-94
MERGED from [com.android.support:versionedparcelable:28.0.0] AndroidManifest.xml:22:5-23:19
MERGED from [com.android.support:versionedparcelable:28.0.0] AndroidManifest.xml:22:5-23:19
MERGED from [com.facebook.soloader:soloader:0.5.1] AndroidManifest.xml:11:5-20
MERGED from [com.facebook.soloader:soloader:0.5.1] AndroidManifest.xml:11:5-20
MERGED from [:member] AndroidManifest.xml:20:5-50:19
MERGED from [:member] AndroidManifest.xml:20:5-50:19
MERGED from [:fragmentsample] AndroidManifest.xml:20:5-51:19
MERGED from [:fragmentsample] AndroidManifest.xml:20:5-51:19
	android:appComponentFactory
		ADDED from [com.android.support:support-compat:28.0.0] AndroidManifest.xml:22:18-91
	android:supportsRtl
		ADDED from src/main/AndroidManifest.xml:23:9-35
	android:label
		ADDED from src/main/AndroidManifest.xml:21:9-41
	android:exported
		ADDED from src/main/AndroidManifest.xml:24:9-33
	android:debuggable
		ADDED from [:member] AndroidManifest.xml:21:9-34
	android:roundIcon
		ADDED from src/main/AndroidManifest.xml:22:9-54
	android:icon
		ADDED from src/main/AndroidManifest.xml:20:9-43
	android:allowBackup
		ADDED from src/main/AndroidManifest.xml:19:9-36
	android:theme
		ADDED from src/main/AndroidManifest.xml:25:9-40
	android:name
		ADDED from src/main/AndroidManifest.xml:18:9-40
meta-data#asset_statements
ADDED from src/main/AndroidManifest.xml:27:9-29:59
	android:resource
		ADDED from src/main/AndroidManifest.xml:29:13-56
	android:name
		ADDED from src/main/AndroidManifest.xml:28:13-44
activity#com.suitmedia.bundle.sample.feature.login.LoginActivity
ADDED from src/main/AndroidManifest.xml:30:9-66:20
	android:screenOrientation
		ADDED from src/main/AndroidManifest.xml:32:13-49
	android:name
		ADDED from src/main/AndroidManifest.xml:31:13-83
intent-filter#action:name:android.intent.action.MAIN+category:name:android.intent.category.LAUNCHER
ADDED from src/main/AndroidManifest.xml:34:13-38:29
action#android.intent.action.MAIN
ADDED from src/main/AndroidManifest.xml:35:17-69
	android:name
		ADDED from src/main/AndroidManifest.xml:35:25-66
category#android.intent.category.LAUNCHER
ADDED from src/main/AndroidManifest.xml:37:17-77
	android:name
		ADDED from src/main/AndroidManifest.xml:37:27-74
intent-filter#action:name:android.intent.action.VIEW+category:name:android.intent.category.BROWSABLE+category:name:android.intent.category.DEFAULT+data:host:bayuinstantaab.azurewebsites.net+data:pathPattern:/signin+data:scheme:https
ADDED from src/main/AndroidManifest.xml:39:13-49:29
	android:autoVerify
		ADDED from src/main/AndroidManifest.xml:39:28-53
action#android.intent.action.VIEW
ADDED from src/main/AndroidManifest.xml:40:17-69
	android:name
		ADDED from src/main/AndroidManifest.xml:40:25-66
category#android.intent.category.DEFAULT
ADDED from src/main/AndroidManifest.xml:42:17-76
	android:name
		ADDED from src/main/AndroidManifest.xml:42:27-73
category#android.intent.category.BROWSABLE
ADDED from src/main/AndroidManifest.xml:43:17-78
	android:name
		ADDED from src/main/AndroidManifest.xml:43:27-75
data
ADDED from src/main/AndroidManifest.xml:45:17-48:53
	android:host
		ADDED from src/main/AndroidManifest.xml:47:21-68
	android:scheme
		ADDED from src/main/AndroidManifest.xml:46:21-43
	android:pathPattern
		ADDED from src/main/AndroidManifest.xml:48:21-50
intent-filter#action:name:android.intent.action.VIEW+category:name:android.intent.category.BROWSABLE+category:name:android.intent.category.DEFAULT+data:host:bayuinstantaab.azurewebsites.net+data:pathPattern:/signin+data:scheme:http
ADDED from src/main/AndroidManifest.xml:50:13-60:29
	android:autoVerify
		ADDED from src/main/AndroidManifest.xml:50:28-53
meta-data#default-url
ADDED from src/main/AndroidManifest.xml:62:13-64:83
	android:value
		ADDED from src/main/AndroidManifest.xml:64:17-80
	android:name
		ADDED from src/main/AndroidManifest.xml:63:17-43
service#com.suitmedia.bundle.sample.firebase.fcm.FCMFireBaseMessagingService
ADDED from src/main/AndroidManifest.xml:69:9-73:19
	android:name
		ADDED from src/main/AndroidManifest.xml:69:18-74
intent-filter#action:name:com.google.firebase.MESSAGING_EVENT
ADDED from src/main/AndroidManifest.xml:70:13-72:29
action#com.google.firebase.MESSAGING_EVENT
ADDED from src/main/AndroidManifest.xml:71:17-78
	android:name
		ADDED from src/main/AndroidManifest.xml:71:25-75
service#com.suitmedia.bundle.sample.firebase.fcm.FCMFireBaseInstanceIDService
ADDED from src/main/AndroidManifest.xml:75:9-79:19
	android:name
		ADDED from src/main/AndroidManifest.xml:75:18-75
intent-filter#action:name:com.google.firebase.INSTANCE_ID_EVENT
ADDED from src/main/AndroidManifest.xml:76:13-78:29
action#com.google.firebase.INSTANCE_ID_EVENT
ADDED from src/main/AndroidManifest.xml:77:17-80
	android:name
		ADDED from src/main/AndroidManifest.xml:77:25-77
meta-data#com.facebook.sdk.ApplicationId
ADDED from src/main/AndroidManifest.xml:81:9-83:55
	android:value
		ADDED from src/main/AndroidManifest.xml:83:13-52
	android:name
		ADDED from src/main/AndroidManifest.xml:82:13-58
activity#com.facebook.FacebookActivity
ADDED from src/main/AndroidManifest.xml:85:9-88:48
MERGED from [com.facebook.android:facebook-common:4.38.1] AndroidManifest.xml:29:9-32:66
MERGED from [com.facebook.android:facebook-common:4.38.1] AndroidManifest.xml:29:9-32:66
	android:label
		ADDED from src/main/AndroidManifest.xml:88:13-45
	android:configChanges
		ADDED from src/main/AndroidManifest.xml:87:13-96
	android:theme
		ADDED from [com.facebook.android:facebook-common:4.38.1] AndroidManifest.xml:32:13-63
	android:name
		ADDED from src/main/AndroidManifest.xml:86:13-57
activity#com.facebook.CustomTabActivity
ADDED from src/main/AndroidManifest.xml:89:9-100:20
MERGED from [com.facebook.android:facebook-common:4.38.1] AndroidManifest.xml:34:9-67
MERGED from [com.facebook.android:facebook-common:4.38.1] AndroidManifest.xml:34:9-67
	android:exported
		ADDED from src/main/AndroidManifest.xml:91:13-36
	android:name
		ADDED from src/main/AndroidManifest.xml:90:13-58
intent-filter#action:name:android.intent.action.VIEW+category:name:android.intent.category.BROWSABLE+category:name:android.intent.category.DEFAULT+data:scheme:@string/fb_login_protocol_scheme
ADDED from src/main/AndroidManifest.xml:92:13-99:29
uses-sdk
INJECTED from src/main/AndroidManifest.xml reason: use-sdk injection requested
INJECTED from src/main/AndroidManifest.xml
INJECTED from src/main/AndroidManifest.xml
MERGED from [io.realm:realm-android-library:5.7.1] AndroidManifest.xml:6:5-8:41
MERGED from [io.realm:realm-android-library:5.7.1] AndroidManifest.xml:6:5-8:41
MERGED from [io.realm:realm-android-kotlin-extensions:5.7.1] AndroidManifest.xml:6:5-8:41
MERGED from [io.realm:realm-android-kotlin-extensions:5.7.1] AndroidManifest.xml:6:5-8:41
MERGED from [com.jcodecraeer:xrecyclerview:1.5.9] AndroidManifest.xml:7:5-9:41
MERGED from [com.jcodecraeer:xrecyclerview:1.5.9] AndroidManifest.xml:7:5-9:41
MERGED from [com.android.support:design:28.0.0] AndroidManifest.xml:20:5-44
MERGED from [com.android.support:design:28.0.0] AndroidManifest.xml:20:5-44
MERGED from [com.facebook.android:facebook-android-sdk:4.38.1] AndroidManifest.xml:24:5-26:41
MERGED from [com.facebook.android:facebook-android-sdk:4.38.1] AndroidManifest.xml:24:5-26:41
MERGED from [com.facebook.android:facebook-login:4.38.1] AndroidManifest.xml:24:5-26:41
MERGED from [com.facebook.android:facebook-login:4.38.1] AndroidManifest.xml:24:5-26:41
MERGED from [com.facebook.android:facebook-share:4.38.1] AndroidManifest.xml:24:5-26:41
MERGED from [com.facebook.android:facebook-share:4.38.1] AndroidManifest.xml:24:5-26:41
MERGED from [com.facebook.android:facebook-common:4.38.1] AndroidManifest.xml:24:5-26:41
MERGED from [com.facebook.android:facebook-common:4.38.1] AndroidManifest.xml:24:5-26:41
MERGED from [com.android.support:appcompat-v7:28.0.0] AndroidManifest.xml:20:5-44
MERGED from [com.android.support:appcompat-v7:28.0.0] AndroidManifest.xml:20:5-44
MERGED from [com.android.support.constraint:constraint-layout:1.1.3] AndroidManifest.xml:5:5-7:41
MERGED from [com.android.support.constraint:constraint-layout:1.1.3] AndroidManifest.xml:5:5-7:41
MERGED from [com.twitter.sdk.android:twitter:3.1.1] AndroidManifest.xml:23:5-44
MERGED from [com.twitter.sdk.android:twitter:3.1.1] AndroidManifest.xml:23:5-44
MERGED from [com.twitter.sdk.android:tweet-ui:3.1.1] AndroidManifest.xml:23:5-44
MERGED from [com.twitter.sdk.android:tweet-ui:3.1.1] AndroidManifest.xml:23:5-44
MERGED from [com.google.firebase:firebase-config:16.1.2] AndroidManifest.xml:20:5-44
MERGED from [com.google.firebase:firebase-config:16.1.2] AndroidManifest.xml:20:5-44
MERGED from [com.google.firebase:firebase-messaging:17.3.4] AndroidManifest.xml:20:5-44
MERGED from [com.google.firebase:firebase-messaging:17.3.4] AndroidManifest.xml:20:5-44
MERGED from [com.google.android.gms:play-services-auth:16.0.1] AndroidManifest.xml:20:5-44
MERGED from [com.google.android.gms:play-services-auth:16.0.1] AndroidManifest.xml:20:5-44
MERGED from [com.google.firebase:firebase-auth:16.1.0] AndroidManifest.xml:21:5-44
MERGED from [com.google.firebase:firebase-auth:16.1.0] AndroidManifest.xml:21:5-44
MERGED from [com.google.firebase:firebase-core:16.0.6] AndroidManifest.xml:5:5-44
MERGED from [com.google.firebase:firebase-core:16.0.6] AndroidManifest.xml:5:5-44
MERGED from [com.google.firebase:firebase-measurement-connector-impl:17.0.4] AndroidManifest.xml:20:5-44
MERGED from [com.google.firebase:firebase-measurement-connector-impl:17.0.4] AndroidManifest.xml:20:5-44
MERGED from [com.google.firebase:firebase-analytics:16.0.6] AndroidManifest.xml:20:5-44
MERGED from [com.google.firebase:firebase-analytics:16.0.6] AndroidManifest.xml:20:5-44
MERGED from [com.google.android.gms:play-services-phenotype:16.0.0] AndroidManifest.xml:20:5-44
MERGED from [com.google.android.gms:play-services-phenotype:16.0.0] AndroidManifest.xml:20:5-44
MERGED from [com.google.android.gms:play-services-auth-api-phone:16.0.0] AndroidManifest.xml:5:5-44
MERGED from [com.google.android.gms:play-services-auth-api-phone:16.0.0] AndroidManifest.xml:5:5-44
MERGED from [com.google.android.gms:play-services-auth-base:16.0.0] AndroidManifest.xml:5:5-44
MERGED from [com.google.android.gms:play-services-auth-base:16.0.0] AndroidManifest.xml:5:5-44
MERGED from [com.google.android.gms:play-services-flags:16.0.1] AndroidManifest.xml:20:5-44
MERGED from [com.google.android.gms:play-services-flags:16.0.1] AndroidManifest.xml:20:5-44
MERGED from [com.google.firebase:firebase-auth-interop:16.0.1] AndroidManifest.xml:5:5-44
MERGED from [com.google.firebase:firebase-auth-interop:16.0.1] AndroidManifest.xml:5:5-44
MERGED from [com.google.android.gms:play-services-measurement-api:16.0.4] AndroidManifest.xml:20:5-44
MERGED from [com.google.android.gms:play-services-measurement-api:16.0.4] AndroidManifest.xml:20:5-44
MERGED from [com.google.firebase:firebase-abt:16.0.1] AndroidManifest.xml:5:5-44
MERGED from [com.google.firebase:firebase-abt:16.0.1] AndroidManifest.xml:5:5-44
MERGED from [com.google.firebase:firebase-analytics-impl:16.2.4] AndroidManifest.xml:20:5-44
MERGED from [com.google.firebase:firebase-analytics-impl:16.2.4] AndroidManifest.xml:20:5-44
MERGED from [com.google.firebase:firebase-iid:17.0.4] AndroidManifest.xml:20:5-44